18:26:39.350 [main                     ] DEBUG Logger               - Configured Logger
18:26:39.365 [main                     ] DEBUG GameApplication      - Logging settings
Title: Arkanoid
Version: 0.1
Width: 600
Height: 600
Fullscreen: false
Intro: false
Profiling: false
Single step:false
App Mode: DEVELOPER
Menu Key: ESCAPE
Stage Style: DECORATED
Scene Factory: class com.almasb.fxgl.app.scene.SceneFactory

18:26:41.465 [JavaFX Application Thread] DEBUG FXGLApplication      - Initializing FXGL
18:26:41.468 [JavaFX Application Thread] INFO  Engine               - FXGL-17.3 (30.03.2023 11.49) on MAC (J:17.0.8 FX:17.0.6)
18:26:41.468 [JavaFX Application Thread] DEBUG Engine               - JRE Vendor Name: Eclipse Adoptium
18:26:41.468 [JavaFX Application Thread] DEBUG Engine               - Running on OS: Mac OS X version 15.3.2
18:26:41.468 [JavaFX Application Thread] DEBUG Engine               - Architecture: aarch64
18:26:41.469 [JavaFX Application Thread] INFO  Engine               - Source code and latest versions at: https://github.com/AlmasB/FXGL
18:26:41.469 [JavaFX Application Thread] INFO  Engine               -       Ask questions and discuss at: https://github.com/AlmasB/FXGL/discussions
18:26:41.469 [JavaFX Application Thread] INFO  Engine               -              Join the FXGL chat at: https://gitter.im/AlmasB/FXGL
18:26:41.505 [JavaFX Application Thread] DEBUG PrimaryStageWindow   - Creating a JavaFX scene
18:26:41.525 [JavaFX Application Thread] DEBUG PrimaryStageWindow   - Target settings size: 600.0 x 600.0
18:26:41.525 [JavaFX Application Thread] DEBUG PrimaryStageWindow   - Scaled scene size:    600.0 x 600.0
18:26:41.525 [JavaFX Application Thread] DEBUG PrimaryStageWindow   - Scaled ratio: (1.0, 1.0)
18:26:41.526 [JavaFX Application Thread] DEBUG PrimaryStageWindow   - Set initial scene to FXGLStartupScene
18:26:41.528 [JavaFX Application Thread] DEBUG PrimaryStageWindow   - Opening main window
18:26:41.561 [JavaFX Application Thread] DEBUG PrimaryStageWindow   - Window border size: (0.0, 28.0)
18:26:41.561 [JavaFX Application Thread] DEBUG PrimaryStageWindow   - Scaled size: 600.0 x 600.0
18:26:41.561 [JavaFX Application Thread] DEBUG PrimaryStageWindow   - Scaled ratio: (1.0, 1.0)
18:26:41.561 [JavaFX Application Thread] DEBUG PrimaryStageWindow   - Scene size: 600.0 x 600.0
18:26:41.561 [JavaFX Application Thread] DEBUG PrimaryStageWindow   - Stage size: 600.0 x 628.0
18:26:41.564 [FXGL Background Thread 1 ] DEBUG Engine               - Initializing environment variables
18:26:41.577 [FXGL Background Thread 1 ] DEBUG FXGLAssetLoaderServi - User app class for loading assets: class by.astakhau.arkanoid.Arkanoid
18:26:41.577 [FXGL Background Thread 1 ] DEBUG GameApplicationServi - Applying CSS: fxgl_dark.css
18:26:41.577 [FXGL Background Thread 1 ] DEBUG FXGLAssetLoaderServi - Loading from file system: jar:file:///Users/artemastahov/.m2/repository/com/github/almasb/fxgl/17.3/fxgl-17.3.jar!/fxglassets/ui/css/fxgl_dark.css
18:26:41.597 [FXGL Background Thread 1 ] DEBUG GameApplicationServi - Initializing application scenes
18:26:41.754 [FXGL Background Thread 1 ] DEBUG GameWorld            - Game world initialized
18:26:41.782 [FXGL Background Thread 1 ] DEBUG PhysicsWorld         - Physics world initialized: appHeight=600, physics.ppm=50,0
18:26:41.782 [FXGL Background Thread 1 ] DEBUG PhysicsWorld         - Using strategy: BRUTE_FORCE
18:26:41.784 [FXGL Background Thread 1 ] DEBUG GameScene            - Game scene initialized: 600x600
18:26:41.789 [FXGL Background Thread 1 ] WARN  FXGL.DefaultMenu     - FXGLDefaultMenu is not designed for resolutions < 800x600
18:26:41.789 [FXGL Background Thread 1 ] DEBUG FXGL.DefaultMenu     - createMenuBodyGameMenu()
18:26:41.796 [FXGL Background Thread 1 ] DEBUG FXGL.DefaultMenu     - createOptionsMenu()
18:26:41.800 [FXGL Background Thread 1 ] DEBUG FXGLAssetLoaderServi - Loading from file system: jar:file:///Users/artemastahov/.m2/repository/com/github/almasb/fxgl/17.3/fxgl-17.3.jar!/fxglassets/textures/particles/smoke.png
18:26:41.850 [FXGL Background Thread 1 ] DEBUG FXGLAssetLoaderServi - Loading from file system: jar:file:///Users/artemastahov/.m2/repository/com/github/almasb/fxgl/17.3/fxgl-17.3.jar!/fxglassets/textures/particles/trace_horizontal.png
18:26:41.863 [FXGL Background Thread 1 ] DEBUG GameApplicationServi - Application scenes initialized
18:26:41.868 [FXGL Background Thread 1 ] DEBUG SystemBundleService  - Loading FXGL system data
18:26:41.870 [FXGL Background Thread 1 ] DEBUG FileSystemAccess     - Reading from: /Users/artemastahov/All_files/styding/LabsBSUIR/LabsPPOIS/FourthSem/ThirdLab/system/fxgl.bundle
18:26:41.874 [FXGL Background Thread 1 ] DEBUG SystemBundleService  - Bundle FXGL: {}
18:26:41.874 [FXGL Background Thread 1 ] DEBUG UpdaterService       - Checking for updates
18:26:41.876 [FXGL Background Thread 4 ] DEBUG FXGLApplication      - Loading fonts
18:26:41.876 [FXGL Background Thread 4 ] DEBUG FXGLAssetLoaderServi - Loading from file system: jar:file:///Users/artemastahov/.m2/repository/com/github/almasb/fxgl/17.3/fxgl-17.3.jar!/fxglassets/ui/fonts/VarelaRound-Regular.ttf
18:26:41.876 [FXGL Background Thread 1 ] DEBUG FXGLApplication      - Loading default localization
18:26:41.877 [FXGL Background Thread 1 ] DEBUG FXGLAssetLoaderServi - Loading from file system: jar:file:///Users/artemastahov/.m2/repository/com/github/almasb/fxgl/17.3/fxgl-17.3.jar!/fxglassets/languages/english.lang
18:26:41.882 [FXGL Background Thread 1 ] INFO  FXGLApplication      - FXGL initialization took: 0,318 sec
18:26:41.883 [JavaFX Application Thread] DEBUG FXGLAssetLoaderServi - Loading from file system: jar:file:///Users/artemastahov/.m2/repository/com/github/almasb/fxgl/17.3/fxgl-17.3.jar!/fxglassets/textures/fxgl_icon.png
18:26:41.883 [FXGL Background Thread 4 ] DEBUG FXGLAssetLoaderServi - Loading from file system: jar:file:///Users/artemastahov/.m2/repository/com/github/almasb/fxgl/17.3/fxgl-17.3.jar!/fxglassets/ui/fonts/Abel-Regular.ttf
18:26:41.885 [FXGL Background Thread 4 ] DEBUG FXGLAssetLoaderServi - Loading from file system: jar:file:///Users/artemastahov/.m2/repository/com/github/almasb/fxgl/17.3/fxgl-17.3.jar!/fxglassets/ui/fonts/TerminalLandMono-Regular.otf
18:26:41.886 [FXGL Background Thread 4 ] DEBUG FXGLAssetLoaderServi - Loading from file system: jar:file:///Users/artemastahov/.m2/repository/com/github/almasb/fxgl/17.3/fxgl-17.3.jar!/fxglassets/ui/fonts/Courier-Prime.ttf
18:26:41.899 [JavaFX Application Thread] DEBUG FXGLAssetLoaderServi - Loading from file system: jar:file:///Users/artemastahov/.m2/repository/com/github/almasb/fxgl/17.3/fxgl-17.3.jar!/fxglassets/textures/fxgl_default_cursor.png
18:26:41.903 [JavaFX Application Thread] DEBUG Input                - Registered new binding: Screenshot - CTRL+8
18:26:41.903 [JavaFX Application Thread] DEBUG Input                - Registered new binding: System info dump - CTRL+9
18:26:41.903 [JavaFX Application Thread] DEBUG Input                - Registered new binding: Restart - CTRL+R
18:26:41.904 [JavaFX Application Thread] DEBUG Input                - Registered new binding: Toggle Debug Camera - CTRL+7
18:26:41.904 [JavaFX Application Thread] DEBUG LoopRunner           - Starting loop
18:26:41.904 [JavaFX Application Thread] DEBUG LoopRunner           - Initializing JavaFX AnimationTimerLoop
18:26:41.905 [JavaFX Application Thread] DEBUG GameApplicationServi - Starting new game
18:26:41.905 [JavaFX Application Thread] DEBUG Input                - Clearing active input actions
18:26:41.909 [JavaFX Application Thread] DEBUG GameApplicationServi - Removing overlay from FXGLStartupScene and adding to FXGLLoadingScene
18:26:41.909 [JavaFX Application Thread] DEBUG PrimaryStageWindow   - FXGLStartupScene -> FXGLLoadingScene
18:26:41.909 [JavaFX Application Thread] DEBUG GameApplicationServi - Clearing previous game
18:26:41.909 [JavaFX Application Thread] DEBUG GameScene            - Clearing game scene
18:26:41.909 [JavaFX Application Thread] DEBUG GameWorld            - Clearing game world
18:26:41.910 [JavaFX Application Thread] DEBUG PhysicsWorld         - Clearing physics world
18:26:41.910 [FXGL Background Thread 4 ] DEBUG FXGLApplication      - Initializing game
18:26:41.913 [JavaFX Application Thread] DEBUG FXGLApplication      - Registering font factories with UI factory
18:26:41.936 [FXGL Background Thread 4 ] INFO  FXGLApplication      - Game initialization took: 0,026 sec
18:26:41.969 [JavaFX Application Thread] DEBUG Input                - Clearing active input actions
18:26:41.974 [JavaFX Application Thread] DEBUG GameApplicationServi - Removing overlay from FXGLLoadingScene and adding to GameScene
18:26:41.974 [JavaFX Application Thread] DEBUG PrimaryStageWindow   - FXGLLoadingScene -> GameScene
18:26:42.201 [FXGL Background Thread 2 ] INFO  UpdaterService       - Your current version:  17.3
18:26:42.201 [FXGL Background Thread 2 ] INFO  UpdaterService       - Latest stable version: 21.1
18:26:44.465 [JavaFX Application Thread] DEBUG FXGLApplication      - Exiting FXGL
18:26:44.465 [JavaFX Application Thread] DEBUG LoopRunner           - Stopping loop
18:26:44.466 [JavaFX Application Thread] DEBUG SystemBundleService  - Saving FXGL system data
18:26:44.469 [JavaFX Application Thread] DEBUG FileSystemAccess     - Writing to: /Users/artemastahov/All_files/styding/LabsBSUIR/LabsPPOIS/FourthSem/ThirdLab/system/fxgl.bundle
18:26:44.471 [JavaFX Application Thread] DEBUG Async                - Shutting down background threads
18:26:44.471 [JavaFX Application Thread] DEBUG PrimaryStageWindow   - Closing main window
18:26:44.480 [JavaFX Application Thread] DEBUG Logger               - Closing Logger
